<?xml version="1.0" encoding="UTF-8"?>
<!-- Generated by org.testng.reporters.JUnitReportReporter -->
<testsuite hostname="DESKTOP-58P3AO3" failures="0" tests="12" name="com.sgtesting.testng.assingement8" time="79.921" errors="0" timestamp="2022-12-28T00:05:48 GMT-08:00" skipped="0">
  <testcase classname="com.sgtesting.testng.assingement8" name="lanchBrowser" time="3.076"/>
  <system-out/>
  <testcase classname="com.sgtesting.testng.assingement8" name="navigate" time="7.040"/>
  <system-out/>
  <testcase classname="com.sgtesting.testng.assingement8" name="login" time="9.524"/>
  <system-out/>
  <testcase classname="com.sgtesting.testng.assingement8" name="minimizeFlyoutwindow" time="2.298"/>
  <system-out/>
  <testcase classname="com.sgtesting.testng.assingement8" name="createcustomer" time="11.368"/>
  <system-out/>
  <testcase classname="com.sgtesting.testng.assingement8" name="createproject" time="8.681"/>
  <system-out/>
  <testcase classname="com.sgtesting.testng.assingement8" name="createtask" time="7.050"/>
  <system-out/>
  <testcase classname="com.sgtesting.testng.assingement8" name="deletetask" time="8.699"/>
  <system-out/>
  <testcase classname="com.sgtesting.testng.assingement8" name="deleteproject" time="8.703"/>
  <system-out/>
  <testcase classname="com.sgtesting.testng.assingement8" name="deletecustomer" time="8.699"/>
  <system-out/>
  <testcase classname="com.sgtesting.testng.assingement8" name="logout" time="2.475"/>
  <system-out/>
  <testcase classname="com.sgtesting.testng.assingement8" name="closeapp" time="2.308"/>
  <system-out/>
</testsuite> <!-- com.sgtesting.testng.assingement8 -->
