<?xml version="1.0" encoding="UTF-8"?>
<!-- Generated by org.testng.reporters.JUnitReportReporter -->
<testsuite hostname="DESKTOP-58P3AO3" failures="0" tests="9" name="com.sgtesting.testng.assingement2" time="55.371" errors="0" timestamp="2022-12-30T03:49:44 GMT-08:00" skipped="0">
  <testcase classname="com.sgtesting.testng.assingement2" name="lanchBrowser" time="11.503"/>
  <system-out/>
  <testcase classname="com.sgtesting.testng.assingement2" name="navigate" time="9.308"/>
  <system-out/>
  <testcase classname="com.sgtesting.testng.assingement2" name="login" time="9.405"/>
  <system-out/>
  <testcase classname="com.sgtesting.testng.assingement2" name="minimizeFlyoutwindow" time="2.129"/>
  <system-out/>
  <testcase classname="com.sgtesting.testng.assingement2" name="createuser" time="13.907"/>
  <system-out/>
  <testcase classname="com.sgtesting.testng.assingement2" name="modifyuser" time="4.428"/>
  <system-out/>
  <testcase classname="com.sgtesting.testng.assingement2" name="delectuser" time="1.156"/>
  <system-out/>
  <testcase classname="com.sgtesting.testng.assingement2" name="logout" time="1.124"/>
  <system-out/>
  <testcase classname="com.sgtesting.testng.assingement2" name="closeapp" time="2.411"/>
  <system-out/>
</testsuite> <!-- com.sgtesting.testng.assingement2 -->
