<?xml version="1.0" encoding="UTF-8"?>
<!-- Generated by org.testng.reporters.JUnitReportReporter -->
<testsuite hostname="DESKTOP-58P3AO3" failures="0" tests="8" name="com.sgtesting.testng.assingement1" time="49.754" errors="0" timestamp="2022-12-28T00:59:35 GMT-08:00" skipped="0">
  <testcase classname="com.sgtesting.testng.assingement1" name="lanchBrowser" time="4.470"/>
  <system-out/>
  <testcase classname="com.sgtesting.testng.assingement1" name="navigate" time="6.948"/>
  <system-out/>
  <testcase classname="com.sgtesting.testng.assingement1" name="login" time="9.487"/>
  <system-out/>
  <testcase classname="com.sgtesting.testng.assingement1" name="minimizeFlyoutwindow" time="2.190"/>
  <system-out/>
  <testcase classname="com.sgtesting.testng.assingement1" name="createuser" time="13.165"/>
  <system-out/>
  <testcase classname="com.sgtesting.testng.assingement1" name="delectuser" time="8.529"/>
  <system-out/>
  <testcase classname="com.sgtesting.testng.assingement1" name="logout" time="2.497"/>
  <system-out/>
  <testcase classname="com.sgtesting.testng.assingement1" name="closeapp" time="2.468"/>
  <system-out/>
</testsuite> <!-- com.sgtesting.testng.assingement1 -->
