<?xml version="1.0" encoding="UTF-8"?>
<!-- Generated by org.testng.reporters.JUnitReportReporter -->
<testsuite hostname="DESKTOP-58P3AO3" failures="0" tests="8" name="com.sgtesting.testng.assingement4" time="59.490" errors="0" timestamp="2022-12-28T02:01:44 GMT-08:00" skipped="0">
  <testcase classname="com.sgtesting.testng.assingement4" name="lanchBrowser" time="5.986"/>
  <system-out/>
  <testcase classname="com.sgtesting.testng.assingement4" name="navigate" time="13.645"/>
  <system-out/>
  <testcase classname="com.sgtesting.testng.assingement4" name="login" time="9.864"/>
  <system-out/>
  <testcase classname="com.sgtesting.testng.assingement4" name="minimizeFlyoutwindow" time="2.115"/>
  <system-out/>
  <testcase classname="com.sgtesting.testng.assingement4" name="createcustomer" time="13.844"/>
  <system-out/>
  <testcase classname="com.sgtesting.testng.assingement4" name="deletecustomer" time="8.823"/>
  <system-out/>
  <testcase classname="com.sgtesting.testng.assingement4" name="logout" time="2.281"/>
  <system-out/>
  <testcase classname="com.sgtesting.testng.assingement4" name="closeapp" time="2.932"/>
  <system-out/>
</testsuite> <!-- com.sgtesting.testng.assingement4 -->
