<?xml version="1.0" encoding="UTF-8"?>
<!-- Generated by org.testng.reporters.JUnitReportReporter -->
<testsuite hostname="DESKTOP-58P3AO3" failures="0" tests="9" name="com.sgtesting.testng.assingement5" time="62.579" errors="0" timestamp="2022-12-28T02:09:31 GMT-08:00" skipped="0">
  <testcase classname="com.sgtesting.testng.assingement5" name="lanchBrowser" time="7.109"/>
  <system-out/>
  <testcase classname="com.sgtesting.testng.assingement5" name="navigate" time="8.596"/>
  <system-out/>
  <testcase classname="com.sgtesting.testng.assingement5" name="login" time="9.620"/>
  <system-out/>
  <testcase classname="com.sgtesting.testng.assingement5" name="minimizeFlyoutwindow" time="2.326"/>
  <system-out/>
  <testcase classname="com.sgtesting.testng.assingement5" name="createcustomer" time="11.896"/>
  <system-out/>
  <testcase classname="com.sgtesting.testng.assingement5" name="modifycustomer" time="8.824"/>
  <system-out/>
  <testcase classname="com.sgtesting.testng.assingement5" name="deletecustomer" time="8.750"/>
  <system-out/>
  <testcase classname="com.sgtesting.testng.assingement5" name="logout" time="2.888"/>
  <system-out/>
  <testcase classname="com.sgtesting.testng.assingement5" name="closeapp" time="2.570"/>
  <system-out/>
</testsuite> <!-- com.sgtesting.testng.assingement5 -->
