<?xml version="1.0" encoding="UTF-8"?>
<!-- Generated by org.testng.reporters.JUnitReportReporter -->
<testsuite hostname="DESKTOP-58P3AO3" failures="0" tests="10" name="com.sgtesting.testng.assingement6" time="63.182" errors="0" timestamp="2022-12-28T02:31:08 GMT-08:00" skipped="0">
  <testcase classname="com.sgtesting.testng.assingement6" name="lanchBrowser" time="4.324"/>
  <system-out/>
  <testcase classname="com.sgtesting.testng.assingement6" name="navigate" time="6.196"/>
  <system-out/>
  <testcase classname="com.sgtesting.testng.assingement6" name="login" time="9.388"/>
  <system-out/>
  <testcase classname="com.sgtesting.testng.assingement6" name="minimizeFlyoutwindow" time="2.131"/>
  <system-out/>
  <testcase classname="com.sgtesting.testng.assingement6" name="createcustomer" time="11.027"/>
  <system-out/>
  <testcase classname="com.sgtesting.testng.assingement6" name="createproject" time="8.496"/>
  <system-out/>
  <testcase classname="com.sgtesting.testng.assingement6" name="deleteproject" time="8.505"/>
  <system-out/>
  <testcase classname="com.sgtesting.testng.assingement6" name="deletecustomer" time="8.505"/>
  <system-out/>
  <testcase classname="com.sgtesting.testng.assingement6" name="logout" time="2.329"/>
  <system-out/>
  <testcase classname="com.sgtesting.testng.assingement6" name="closeapp" time="2.281"/>
  <system-out/>
</testsuite> <!-- com.sgtesting.testng.assingement6 -->
