<?xml version="1.0" encoding="UTF-8"?>
<!-- Generated by org.testng.reporters.JUnitReportReporter -->
<testsuite hostname="DESKTOP-58P3AO3" failures="0" tests="11" name="com.sgtesting.testng.assingement7" time="71.959" errors="0" timestamp="2022-12-28T02:35:30 GMT-08:00" skipped="0">
  <testcase classname="com.sgtesting.testng.assingement7" name="lanchBrowser" time="4.204"/>
  <system-out/>
  <testcase classname="com.sgtesting.testng.assingement7" name="navigate" time="6.578"/>
  <system-out/>
  <testcase classname="com.sgtesting.testng.assingement7" name="login" time="9.356"/>
  <system-out/>
  <testcase classname="com.sgtesting.testng.assingement7" name="minimizeFlyoutwindow" time="2.129"/>
  <system-out/>
  <testcase classname="com.sgtesting.testng.assingement7" name="createcustomer" time="11.143"/>
  <system-out/>
  <testcase classname="com.sgtesting.testng.assingement7" name="createproject" time="8.511"/>
  <system-out/>
  <testcase classname="com.sgtesting.testng.assingement7" name="modproject" time="8.540"/>
  <system-out/>
  <testcase classname="com.sgtesting.testng.assingement7" name="deleteproject" time="8.509"/>
  <system-out/>
  <testcase classname="com.sgtesting.testng.assingement7" name="deletecustomer" time="8.456"/>
  <system-out/>
  <testcase classname="com.sgtesting.testng.assingement7" name="logout" time="2.310"/>
  <system-out/>
  <testcase classname="com.sgtesting.testng.assingement7" name="closeapp" time="2.223"/>
  <system-out/>
</testsuite> <!-- com.sgtesting.testng.assingement7 -->
